This is pdfTeX, Version 3.141592653-2.6-1.40.24 (MiKTeX 22.8.28) (preloaded format=pdflatex 2022.9.13)  20 SEP 2022 14:21
entering extended mode
 restricted \write18 enabled.
 %&-line parsing enabled.
**./gyak_3.tex
(gyak_3.tex
LaTeX2e <2022-06-01> patch level 5
L3 programming layer <2022-08-30>
(C:\Users\Diak\AppData\Local\Programs\MiKTeX\tex/latex/base\article.cls
Document Class: article 2021/10/04 v1.4n Standard LaTeX document class
(C:\Users\Diak\AppData\Local\Programs\MiKTeX\tex/latex/base\size10.clo
File: size10.clo 2021/10/04 v1.4n Standard LaTeX file (size option)
)
\c@part=\count185
\c@section=\count186
\c@subsection=\count187
\c@subsubsection=\count188
\c@paragraph=\count189
\c@subparagraph=\count190
\c@figure=\count191
\c@table=\count192
\abovecaptionskip=\skip47
\belowcaptionskip=\skip48
\bibindent=\dimen138
)
(C:\Users\Diak\AppData\Local\Programs\MiKTeX\tex/latex/base\t1enc.sty
Package: t1enc 1994/06/01 Standard LaTeX package
)
(C:\Users\Diak\AppData\Local\Programs\MiKTeX\tex/generic/babel\babel.sty
Package: babel 2022/08/29 3.79 The Babel package
\babel@savecnt=\count193
\U@D=\dimen139
\l@unhyphenated=\language79

(C:\Users\Diak\AppData\Local\Programs\MiKTeX\tex/generic/babel\txtbabel.def)
\bbl@readstream=\read2
\bbl@dirlevel=\count194

*************************************
* Local config file bblopts.cfg used
*
(C:\Users\Diak\AppData\Local\Programs\MiKTeX\tex/latex/arabi\bblopts.cfg
File: bblopts.cfg 2005/09/08 v0.1 add Arabic and Farsi to "declared" options of
 babel
)
(C:\Users\Diak\AppData\Local\Programs\MiKTeX\tex/latex/babel-english\english.ld
f
Language: english 2017/06/06 v3.3r English support from the babel system
Package babel Info: Hyphen rules for 'canadian' set to \l@english
(babel)             (\language0). Reported on input line 102.
Package babel Info: Hyphen rules for 'australian' set to \l@ukenglish
(babel)             (\language73). Reported on input line 105.
Package babel Info: Hyphen rules for 'newzealand' set to \l@ukenglish
(babel)             (\language73). Reported on input line 108.
)
(C:\Users\Diak\AppData\Local\Programs\MiKTeX\tex/latex/babel-hungarian\magyar.l
df
Language: magyar 2019/01/14 v1.5c Magyar (Hungarian) support for babel
Package babel Info: Making ` an active character on input line 2819.
\c@footnote@add=\count195
\c@footnote@ch=\count196
))
(C:\Users\Diak\AppData\Local\Programs\MiKTeX\tex/generic/babel/locale/hu\babel-
magyar.tex
Package babel Info: Importing font and identification data for magyar
(babel)             from babel-hu.ini. Reported on input line 11.
)
(C:\Users\Diak\AppData\Local\Programs\MiKTeX\tex/generic/babel/locale/en\babel-
english.tex
Package babel Info: Importing font and identification data for english
(babel)             from babel-en.ini. Reported on input line 11.
)
(C:\Users\Diak\AppData\Local\Programs\MiKTeX\tex/latex/hulipsum\hulipsum.sty
Package: hulipsum 2020/11/03 v1.1 Hungarian dummy text (Lorum ipse)
\c@hulipsum@count=\count197
)
(C:\Users\Diak\AppData\Local\Programs\MiKTeX\tex/latex/graphics\graphicx.sty
Package: graphicx 2021/09/16 v1.2d Enhanced LaTeX Graphics (DPC,SPQR)

(C:\Users\Diak\AppData\Local\Programs\MiKTeX\tex/latex/graphics\keyval.sty
Package: keyval 2022/05/29 v1.15 key=value parser (DPC)
\KV@toks@=\toks16
)
(C:\Users\Diak\AppData\Local\Programs\MiKTeX\tex/latex/graphics\graphics.sty
Package: graphics 2022/03/10 v1.4e Standard LaTeX Graphics (DPC,SPQR)

(C:\Users\Diak\AppData\Local\Programs\MiKTeX\tex/latex/graphics\trig.sty
Package: trig 2021/08/11 v1.11 sin cos tan (DPC)
)
(C:\Users\Diak\AppData\Local\Programs\MiKTeX\tex/latex/graphics-cfg\graphics.cf
g
File: graphics.cfg 2016/06/04 v1.11 sample graphics configuration
)
Package graphics Info: Driver file: pdftex.def on input line 107.

(C:\Users\Diak\AppData\Local\Programs\MiKTeX\tex/latex/graphics-def\pdftex.def
File: pdftex.def 2020/10/05 v1.2a Graphics/color driver for pdftex
))
\Gin@req@height=\dimen140
\Gin@req@width=\dimen141
) (C:\Users\Diak\AppData\Local\Programs\MiKTeX\tex/latex/xcolor\xcolor.sty
Package: xcolor 2022/06/12 v2.14 LaTeX color extensions (UK)

(C:\Users\Diak\AppData\Local\Programs\MiKTeX\tex/latex/graphics-cfg\color.cfg
File: color.cfg 2016/01/02 v1.6 sample color configuration
)
Package xcolor Info: Driver file: pdftex.def on input line 227.

(C:\Users\Diak\AppData\Local\Programs\MiKTeX\tex/latex/colortbl\colortbl.sty
Package: colortbl 2022/06/20 v1.0f Color table columns (DPC)

(C:\Users\Diak\AppData\Local\Programs\MiKTeX\tex/latex/tools\array.sty
Package: array 2021/10/04 v2.5f Tabular extension package (FMi)
\col@sep=\dimen142
\ar@mcellbox=\box51
\extrarowheight=\dimen143
\NC@list=\toks17
\extratabsurround=\skip49
\backup@length=\skip50
\ar@cellbox=\box52
)
\everycr=\toks18
\minrowclearance=\skip51
\rownum=\count198
)
(C:\Users\Diak\AppData\Local\Programs\MiKTeX\tex/latex-dev/graphics\mathcolor.l
tx)
Package xcolor Info: Model `cmy' substituted by `cmy0' on input line 1353.
Package xcolor Info: Model `hsb' substituted by `rgb' on input line 1357.
Package xcolor Info: Model `RGB' extended on input line 1369.
Package xcolor Info: Model `HTML' substituted by `rgb' on input line 1371.
Package xcolor Info: Model `Hsb' substituted by `hsb' on input line 1372.
Package xcolor Info: Model `tHsb' substituted by `hsb' on input line 1373.
Package xcolor Info: Model `HSB' substituted by `hsb' on input line 1374.
Package xcolor Info: Model `Gray' substituted by `gray' on input line 1375.
Package xcolor Info: Model `wave' substituted by `hsb' on input line 1376.
)
(C:\Users\Diak\AppData\Local\Programs\MiKTeX\tex/latex/enumitem\enumitem.sty
Package: enumitem 2019/06/20 v3.9 Customized lists
\labelindent=\skip52
\enit@outerparindent=\dimen144
\enit@toks=\toks19
\enit@inbox=\box53
\enit@count@id=\count199
\enitdp@description=\count266
)
(C:\Users\Diak\AppData\Local\Programs\MiKTeX\tex/latex/caption\subcaption.sty
Package: subcaption 2022/01/07 v1.5 Sub-captions (AR)

(C:\Users\Diak\AppData\Local\Programs\MiKTeX\tex/latex/caption\caption.sty
Package: caption 2022/03/01 v3.6b Customizing captions (AR)

(C:\Users\Diak\AppData\Local\Programs\MiKTeX\tex/latex/caption\caption3.sty
Package: caption3 2022/03/17 v2.3b caption3 kernel (AR)
\caption@tempdima=\dimen145
\captionmargin=\dimen146
\caption@leftmargin=\dimen147
\caption@rightmargin=\dimen148
\caption@width=\dimen149
\caption@indent=\dimen150
\caption@parindent=\dimen151
\caption@hangindent=\dimen152
Package caption Info: Standard document class detected.
Package caption Info: hungarian babel package is loaded.
)
\c@caption@flags=\count267
\c@continuedfloat=\count268
Package caption Info: hungarian babel package is loaded.
)
\c@subfigure=\count269
\c@subtable=\count270
)
(C:\Users\Diak\AppData\Local\Programs\MiKTeX\tex/latex/wrapfig\wrapfig.sty
\wrapoverhang=\dimen153
\WF@size=\dimen154
\c@WF@wrappedlines=\count271
\WF@box=\box54
\WF@everypar=\toks20
Package: wrapfig 2003/01/31  v 3.6
)
\c@enumai=\count272
\c@enumaii=\count273
\c@enumaiii=\count274
\c@enumaiv=\count275
\c@enumav=\count276
\enitdp@enuma=\count277

(C:\Users\Diak\AppData\Local\Programs\MiKTeX\tex/latex/l3backend\l3backend-pdft
ex.def
File: l3backend-pdftex.def 2022-08-30 L3 backend support: PDF output (pdfTeX)
\l__color_backend_stack_int=\count278
\l__pdf_internal_box=\box55
) (gyak_3.aux)
\openout1 = `gyak_3.aux'.

LaTeX Font Info:    Checking defaults for OML/cmm/m/it on input line 14.
LaTeX Font Info:    ... okay on input line 14.
LaTeX Font Info:    Checking defaults for OMS/cmsy/m/n on input line 14.
LaTeX Font Info:    ... okay on input line 14.
LaTeX Font Info:    Checking defaults for OT1/cmr/m/n on input line 14.
LaTeX Font Info:    ... okay on input line 14.
LaTeX Font Info:    Checking defaults for T1/cmr/m/n on input line 14.
LaTeX Font Info:    ... okay on input line 14.
LaTeX Font Info:    Checking defaults for TS1/cmr/m/n on input line 14.
LaTeX Font Info:    ... okay on input line 14.
LaTeX Font Info:    Checking defaults for OMX/cmex/m/n on input line 14.
LaTeX Font Info:    ... okay on input line 14.
LaTeX Font Info:    Checking defaults for U/cmr/m/n on input line 14.
LaTeX Font Info:    ... okay on input line 14.

(C:\Users\Diak\AppData\Local\Programs\MiKTeX\tex/context/base/mkii\supp-pdf.mki
i
[Loading MPS to PDF converter (version 2006.09.02).]
\scratchcounter=\count279
\scratchdimen=\dimen155
\scratchbox=\box56
\nofMPsegments=\count280
\nofMParguments=\count281
\everyMPshowfont=\toks21
\MPscratchCnt=\count282
\MPscratchDim=\dimen156
\MPnumerator=\count283
\makeMPintoPDFobject=\count284
\everyMPtoPDFconversion=\toks22
)
(C:\Users\Diak\AppData\Local\Programs\MiKTeX\tex/latex/epstopdf-pkg\epstopdf-ba
se.sty
Package: epstopdf-base 2020-01-24 v2.11 Base part for package epstopdf
Package epstopdf-base Info: Redefining graphics rule for `.eps' on input line 4
85.

(C:\Users\Diak\AppData\Local\Programs\MiKTeX\tex/latex/00miktex\epstopdf-sys.cf
g
File: epstopdf-sys.cfg 2021/03/18 v2.0 Configuration of epstopdf for MiKTeX
))
Package caption Info: Begin \AtBeginDocument code.
Package caption Info: wrapfig package is loaded.
Package caption Info: End \AtBeginDocument code.
 (C:\Users\Diak\AppData\Local\Programs\MiKTeX\tex/latex/base\article.cls
LaTeX Info: Redefining \cal on input line 497.
LaTeX Info: Redefining \mit on input line 498.
)
(gyak_3.lot)
\tf@lot=\write3
\openout3 = `gyak_3.lot'.

 (gyak_3.lof)
\tf@lof=\write4
\openout4 = `gyak_3.lof'.



LaTeX Warning: Reference `fig:Images' on page 1 undefined on input line 21.


Package caption Warning: \label without proper reference on input line 99.
See the caption package documentation for explanation.


LaTeX Warning: Reference `firstImage' on page 1 undefined on input line 22.


Package caption Warning: \label without proper reference on input line 104.
See the caption package documentation for explanation.


LaTeX Warning: Reference `secondImage' on page 1 undefined on input line 23.

[1


{C:/Users/Diak/AppData/Local/MiKTeX/fonts/map/pdftex/pdftex.map}] [2]
<win11.jpg, id=13, 2439.1125pt x 1626.075pt>
File: win11.jpg Graphic file (type jpg)
<use win11.jpg>
Package pdftex.def Info: win11.jpg  used on input line 101.
(pdftex.def)             Requested size: 142.24648pt x 94.83098pt.
LaTeX Font Info:    External font `cmex10' loaded for size
(Font)              <7> on input line 102.
LaTeX Font Info:    External font `cmex10' loaded for size
(Font)              <5> on input line 102.
File: win11.jpg Graphic file (type jpg)
<use win11.jpg>
Package pdftex.def Info: win11.jpg  used on input line 106.
(pdftex.def)             Requested size: 142.24648pt x 94.83098pt.

[3 <./win11.jpg>]
Overfull \hbox (27.5076pt too wide) in paragraph at lines 130--138
[][] 
 []

[4

] (gyak_3.aux)

LaTeX Warning: There were undefined references.

 ) 
Here is how much of TeX's memory you used:
 6056 strings out of 475389
 107914 string characters out of 2777472
 628120 words of memory out of 3000000
 27393 multiletter control sequences out of 15000+600000
 474270 words of font info for 35 fonts, out of 8000000 for 9000
 1141 hyphenation exceptions out of 8191
 67i,10n,77p,1871b,599s stack positions out of 10000i,1000n,20000p,200000b,80000s
 <C:\Users\Diak\AppData\Local\MiKTeX\fonts/pk/ljfour/jknappen/ec/dpi600\ecrm0
900.pk> <C:\Users\Diak\AppData\Local\MiKTeX\fonts/pk/ljfour/jknappen/ec/dpi600\
ecbl1000.pk> <C:\Users\Diak\AppData\Local\MiKTeX\fonts/pk/ljfour/jknappen/ec/dp
i600\tcrm1000.pk> <C:\Users\Diak\AppData\Local\MiKTeX\fonts/pk/ljfour/jknappen/
ec/dpi600\ecbx1000.pk> <C:\Users\Diak\AppData\Local\MiKTeX\fonts/pk/ljfour/jkna
ppen/ec/dpi600\ecrm1000.pk> <C:\Users\Diak\AppData\Local\MiKTeX\fonts/pk/ljfour
/jknappen/ec/dpi600\ecbx1440.pk>
Output written on gyak_3.pdf (4 pages, 593038 bytes).
PDF statistics:
 160 PDF objects out of 1000 (max. 8388607)
 0 named destinations out of 1000 (max. 500000)
 6 words of extra memory for PDF output out of 10000 (max. 10000000)

